Unable to capture context for thread 16428 in process 10996, can not generate back trace
Unable to capture context for thread 11892 in process 10996, can not generate back trace
Exception at PC 0x00007FF92CF93C58
Unable to capture context for thread 9168 in process 10996, can not generate back trace
Exception at PC 0x00007FF92CF93C58
Exception at PC 0x00007FF92CF93C58
Exception at PC 0x00007FF92CF93C58
Unable to capture context for thread 13868 in process 10996, can not generate back trace
Exception at PC 0x00007FF8FA00BB93
Printing stacktrace...

Exception at PC 0x00007FF92CF93C58
Exception at PC 0x00007FF92CF93C58
Exception at PC 0x00007FF92CF93C58
Exception at PC 0x00007FF92CF93C58
Exception at PC 0x00007FF92CF93C58
Exception at PC 0x00007FF92CF93C58
Exception at PC 0x00007FF92CF93C58
Exception at PC 0x00007FF92CF93C58
Exception at PC 0x00007FF92CF93C58
Exception at PC 0x00007FF92CF93C58
Exception at PC 0x00007FF92CF93C58
Exception at PC 0x00007FF92CF93C58
Exception at PC 0x00007FF92CF93C58
Exception at PC 0x00007FF92CF93C58
[0]  [0x00007FF8FA00BB93]
[1]  [0x00007FF8FA00BB93]
[2]  [0x00007FF8FA00B4A1]
[3]  [0x00007FF8FA00B3EF]
[4]  [0x00007FF8F9FF19FE]
[5]  [0x00007FF8F9FF0ED1]
[6]  [0x00007FF8F9FF0D76]
[7]  [0x00007FF8F9F979F6]
[8]  [0x00007FF8F9F87AFB]
[9]  [0x00007FF8FA0AE90A]
[10]  [0x00007FF8FA0C9F87]
[11]  [0x00007FF8FA0CA05F]
[12] (BaseThreadInitThunk+0x14) [0x00007FF92FE88364]
[13] (RtlUserThreadStart+0x21) [0x00007FF9307770D1]
Done
