
*** Running vivado
    with args -log DispAdder4.vds -m64 -product Vivado -mode batch -messageDb vivado.pb -notrace -source DispAdder4.tcl


****** Vivado v2016.4 (64-bit)
  **** SW Build 1756540 on Mon Jan 23 19:11:23 MST 2017
  **** IP Build 1755317 on Mon Jan 23 20:30:07 MST 2017
    ** Copyright 1986-2016 Xilinx, Inc. All Rights Reserved.

source DispAdder4.tcl -notrace
Command: synth_design -top DispAdder4 -part xc7a100tcsg324-1
Starting synth_design
Attempting to get a license for feature 'Synthesis' and/or device 'xc7a100t'
INFO: [Common 17-349] Got license for feature 'Synthesis' and/or device 'xc7a100t'
INFO: Launching helper process for spawning children vivado processes
INFO: Helper process launched with PID 16700 
---------------------------------------------------------------------------------
Starting RTL Elaboration : Time (s): cpu = 00:00:05 ; elapsed = 00:00:07 . Memory (MB): peak = 282.961 ; gain = 72.770
---------------------------------------------------------------------------------
INFO: [Synth 8-638] synthesizing module 'DispAdder4' [C:/Cmps375/DispAdder4/DispAdder4.srcs/sources_1/new/DispAdder4.vhd:47]
INFO: [Synth 8-3491] module 'Adder4' declared at 'C:/Cmps375/DispAdder4/DispAdder4.srcs/sources_1/new/Adder4.vhd:25' bound to instance 'U1' of component 'Adder4' [C:/Cmps375/DispAdder4/DispAdder4.srcs/sources_1/new/DispAdder4.vhd:77]
INFO: [Synth 8-638] synthesizing module 'Adder4' [C:/Cmps375/DispAdder4/DispAdder4.srcs/sources_1/new/Adder4.vhd:37]
	Parameter N bound to: 4 - type: integer 
INFO: [Synth 8-3491] module 'Adder1' declared at 'C:/Cmps375/DispAdder4/DispAdder4.srcs/sources_1/imports/adder1/Adder1.vhd:14' bound to instance 'unit_1' of component 'Adder1' [C:/Cmps375/DispAdder4/DispAdder4.srcs/sources_1/new/Adder4.vhd:50]
INFO: [Synth 8-638] synthesizing module 'Adder1' [C:/Cmps375/DispAdder4/DispAdder4.srcs/sources_1/imports/adder1/Adder1.vhd:20]
INFO: [Synth 8-256] done synthesizing module 'Adder1' (1#1) [C:/Cmps375/DispAdder4/DispAdder4.srcs/sources_1/imports/adder1/Adder1.vhd:20]
INFO: [Synth 8-3491] module 'Adder1' declared at 'C:/Cmps375/DispAdder4/DispAdder4.srcs/sources_1/imports/adder1/Adder1.vhd:14' bound to instance 'unit_2' of component 'Adder1' [C:/Cmps375/DispAdder4/DispAdder4.srcs/sources_1/new/Adder4.vhd:53]
INFO: [Synth 8-3491] module 'Adder1' declared at 'C:/Cmps375/DispAdder4/DispAdder4.srcs/sources_1/imports/adder1/Adder1.vhd:14' bound to instance 'unit_3' of component 'Adder1' [C:/Cmps375/DispAdder4/DispAdder4.srcs/sources_1/new/Adder4.vhd:56]
INFO: [Synth 8-3491] module 'Adder1' declared at 'C:/Cmps375/DispAdder4/DispAdder4.srcs/sources_1/imports/adder1/Adder1.vhd:14' bound to instance 'unit_4' of component 'Adder1' [C:/Cmps375/DispAdder4/DispAdder4.srcs/sources_1/new/Adder4.vhd:59]
INFO: [Synth 8-256] done synthesizing module 'Adder4' (2#1) [C:/Cmps375/DispAdder4/DispAdder4.srcs/sources_1/new/Adder4.vhd:37]
INFO: [Synth 8-3491] module 'Bin2Hex' declared at 'C:/Cmps375/DispAdder4/DispAdder4.srcs/sources_1/new/Bin2Hex.vhd:32' bound to instance 'U2' of component 'Bin2Hex' [C:/Cmps375/DispAdder4/DispAdder4.srcs/sources_1/new/DispAdder4.vhd:94]
INFO: [Synth 8-638] synthesizing module 'Bin2Hex' [C:/Cmps375/DispAdder4/DispAdder4.srcs/sources_1/new/Bin2Hex.vhd:42]
INFO: [Synth 8-256] done synthesizing module 'Bin2Hex' (3#1) [C:/Cmps375/DispAdder4/DispAdder4.srcs/sources_1/new/Bin2Hex.vhd:42]
INFO: [Synth 8-3491] module 'Bin2Hex' declared at 'C:/Cmps375/DispAdder4/DispAdder4.srcs/sources_1/new/Bin2Hex.vhd:32' bound to instance 'U3' of component 'Bin2Hex' [C:/Cmps375/DispAdder4/DispAdder4.srcs/sources_1/new/DispAdder4.vhd:95]
INFO: [Synth 8-256] done synthesizing module 'DispAdder4' (4#1) [C:/Cmps375/DispAdder4/DispAdder4.srcs/sources_1/new/DispAdder4.vhd:47]
WARNING: [Synth 8-3917] design DispAdder4 has port an[7] driven by constant 1
WARNING: [Synth 8-3917] design DispAdder4 has port an[6] driven by constant 1
WARNING: [Synth 8-3917] design DispAdder4 has port an[5] driven by constant 1
WARNING: [Synth 8-3917] design DispAdder4 has port an[4] driven by constant 1
WARNING: [Synth 8-3917] design DispAdder4 has port an[3] driven by constant 1
WARNING: [Synth 8-3917] design DispAdder4 has port an[2] driven by constant 1
WARNING: [Synth 8-3917] design DispAdder4 has port an[1] driven by constant 1
WARNING: [Synth 8-3917] design DispAdder4 has port an[0] driven by constant 0
---------------------------------------------------------------------------------
Finished RTL Elaboration : Time (s): cpu = 00:00:05 ; elapsed = 00:00:08 . Memory (MB): peak = 320.375 ; gain = 110.184
---------------------------------------------------------------------------------

Report Check Netlist: 
+------+------------------+-------+---------+-------+------------------+
|      |Item              |Errors |Warnings |Status |Description       |
+------+------------------+-------+---------+-------+------------------+
|1     |multi_driven_nets |      0|        0|Passed |Multi driven nets |
+------+------------------+-------+---------+-------+------------------+
---------------------------------------------------------------------------------
Finished RTL Optimization Phase 1 : Time (s): cpu = 00:00:05 ; elapsed = 00:00:08 . Memory (MB): peak = 320.375 ; gain = 110.184
---------------------------------------------------------------------------------
INFO: [Device 21-403] Loading part xc7a100tcsg324-1
INFO: [Project 1-570] Preparing netlist for logic optimization

Processing XDC Constraints
Initializing timing engine
Parsing XDC File [C:/Cmps375/DispAdder4/DispAdder4.srcs/constrs_1/imports/adder1/DispAdder4.xdc]
Finished Parsing XDC File [C:/Cmps375/DispAdder4/DispAdder4.srcs/constrs_1/imports/adder1/DispAdder4.xdc]
INFO: [Project 1-236] Implementation specific constraints were found while reading constraint file [C:/Cmps375/DispAdder4/DispAdder4.srcs/constrs_1/imports/adder1/DispAdder4.xdc]. These constraints will be ignored for synthesis but will be used in implementation. Impacted constraints are listed in the file [.Xil/DispAdder4_propImpl.xdc].
Resolution: To avoid this warning, move constraints listed in [.Xil/DispAdder4_propImpl.xdc] to another XDC file and exclude this new file from synthesis with the used_in_synthesis property (File Properties dialog in GUI) and re-run elaboration/synthesis.
Completed Processing XDC Constraints

INFO: [Project 1-111] Unisim Transformation Summary:
No Unisim elements were transformed.

Constraint Validation Runtime : Time (s): cpu = 00:00:00 ; elapsed = 00:00:00.003 . Memory (MB): peak = 624.445 ; gain = 0.000
---------------------------------------------------------------------------------
Finished Constraint Validation : Time (s): cpu = 00:00:12 ; elapsed = 00:00:16 . Memory (MB): peak = 624.445 ; gain = 414.254
---------------------------------------------------------------------------------
---------------------------------------------------------------------------------
Start Loading Part and Timing Information
---------------------------------------------------------------------------------
Loading part: xc7a100tcsg324-1
---------------------------------------------------------------------------------
Finished Loading Part and Timing Information : Time (s): cpu = 00:00:12 ; elapsed = 00:00:16 . Memory (MB): peak = 624.445 ; gain = 414.254
---------------------------------------------------------------------------------
---------------------------------------------------------------------------------
Start Applying 'set_property' XDC Constraints
---------------------------------------------------------------------------------
---------------------------------------------------------------------------------
Finished applying 'set_property' XDC Constraints : Time (s): cpu = 00:00:12 ; elapsed = 00:00:16 . Memory (MB): peak = 624.445 ; gain = 414.254
---------------------------------------------------------------------------------
---------------------------------------------------------------------------------
Finished RTL Optimization Phase 2 : Time (s): cpu = 00:00:13 ; elapsed = 00:00:16 . Memory (MB): peak = 624.445 ; gain = 414.254
---------------------------------------------------------------------------------

Report RTL Partitions: 
+-+--------------+------------+----------+
| |RTL Partition |Replication |Instances |
+-+--------------+------------+----------+
+-+--------------+------------+----------+
---------------------------------------------------------------------------------
Start RTL Component Statistics 
---------------------------------------------------------------------------------
Detailed RTL Component Info : 
+---XORs : 
	   3 Input      1 Bit         XORs := 4     
---------------------------------------------------------------------------------
Finished RTL Component Statistics 
---------------------------------------------------------------------------------
---------------------------------------------------------------------------------
Start RTL Hierarchical Component Statistics 
---------------------------------------------------------------------------------
Hierarchical RTL Component report 
Module Adder1 
Detailed RTL Component Info : 
+---XORs : 
	   3 Input      1 Bit         XORs := 1     
---------------------------------------------------------------------------------
Finished RTL Hierarchical Component Statistics
---------------------------------------------------------------------------------
---------------------------------------------------------------------------------
Start Part Resource Summary
---------------------------------------------------------------------------------
Part Resources:
DSPs: 240 (col length:80)
BRAMs: 270 (col length: RAMB18 80 RAMB36 40)
---------------------------------------------------------------------------------
Finished Part Resource Summary
---------------------------------------------------------------------------------
---------------------------------------------------------------------------------
Start Cross Boundary and Area Optimization
---------------------------------------------------------------------------------
WARNING: [Synth 8-3917] design DispAdder4 has port an[7] driven by constant 1
WARNING: [Synth 8-3917] design DispAdder4 has port an[6] driven by constant 1
WARNING: [Synth 8-3917] design DispAdder4 has port an[5] driven by constant 1
WARNING: [Synth 8-3917] design DispAdder4 has port an[4] driven by constant 1
WARNING: [Synth 8-3917] design DispAdder4 has port an[3] driven by constant 1
WARNING: [Synth 8-3917] design DispAdder4 has port an[2] driven by constant 1
WARNING: [Synth 8-3917] design DispAdder4 has port an[1] driven by constant 1
WARNING: [Synth 8-3917] design DispAdder4 has port an[0] driven by constant 0
---------------------------------------------------------------------------------
Finished Cross Boundary and Area Optimization : Time (s): cpu = 00:00:13 ; elapsed = 00:00:17 . Memory (MB): peak = 624.445 ; gain = 414.254
---------------------------------------------------------------------------------

Report RTL Partitions: 
+-+--------------+------------+----------+
| |RTL Partition |Replication |Instances |
+-+--------------+------------+----------+
+-+--------------+------------+----------+
---------------------------------------------------------------------------------
Start Timing Optimization
---------------------------------------------------------------------------------
---------------------------------------------------------------------------------
Start Applying XDC Timing Constraints
---------------------------------------------------------------------------------
---------------------------------------------------------------------------------
Finished Applying XDC Timing Constraints : Time (s): cpu = 00:00:22 ; elapsed = 00:00:25 . Memory (MB): peak = 624.445 ; gain = 414.254
---------------------------------------------------------------------------------
---------------------------------------------------------------------------------
Finished Timing Optimization : Time (s): cpu = 00:00:22 ; elapsed = 00:00:25 . Memory (MB): peak = 624.445 ; gain = 414.254
---------------------------------------------------------------------------------

Report RTL Partitions: 
+-+--------------+------------+----------+
| |RTL Partition |Replication |Instances |
+-+--------------+------------+----------+
+-+--------------+------------+----------+
---------------------------------------------------------------------------------
Start Technology Mapping
---------------------------------------------------------------------------------
---------------------------------------------------------------------------------
Finished Technology Mapping : Time (s): cpu = 00:00:22 ; elapsed = 00:00:25 . Memory (MB): peak = 624.445 ; gain = 414.254
---------------------------------------------------------------------------------

Report RTL Partitions: 
+-+--------------+------------+----------+
| |RTL Partition |Replication |Instances |
+-+--------------+------------+----------+
+-+--------------+------------+----------+
---------------------------------------------------------------------------------
Start IO Insertion
---------------------------------------------------------------------------------
---------------------------------------------------------------------------------
Start Flattening Before IO Insertion
---------------------------------------------------------------------------------
---------------------------------------------------------------------------------
Finished Flattening Before IO Insertion
---------------------------------------------------------------------------------
---------------------------------------------------------------------------------
Start Final Netlist Cleanup
---------------------------------------------------------------------------------
---------------------------------------------------------------------------------
Finished Final Netlist Cleanup
---------------------------------------------------------------------------------
---------------------------------------------------------------------------------
Finished IO Insertion : Time (s): cpu = 00:00:22 ; elapsed = 00:00:26 . Memory (MB): peak = 624.445 ; gain = 414.254
---------------------------------------------------------------------------------

Report Check Netlist: 
+------+------------------+-------+---------+-------+------------------+
|      |Item              |Errors |Warnings |Status |Description       |
+------+------------------+-------+---------+-------+------------------+
|1     |multi_driven_nets |      0|        0|Passed |Multi driven nets |
+------+------------------+-------+---------+-------+------------------+
---------------------------------------------------------------------------------
Start Renaming Generated Instances
---------------------------------------------------------------------------------
---------------------------------------------------------------------------------
Finished Renaming Generated Instances : Time (s): cpu = 00:00:22 ; elapsed = 00:00:26 . Memory (MB): peak = 624.445 ; gain = 414.254
---------------------------------------------------------------------------------

Report RTL Partitions: 
+-+--------------+------------+----------+
| |RTL Partition |Replication |Instances |
+-+--------------+------------+----------+
+-+--------------+------------+----------+
---------------------------------------------------------------------------------
Start Rebuilding User Hierarchy
---------------------------------------------------------------------------------
---------------------------------------------------------------------------------
Finished Rebuilding User Hierarchy : Time (s): cpu = 00:00:22 ; elapsed = 00:00:26 . Memory (MB): peak = 624.445 ; gain = 414.254
---------------------------------------------------------------------------------
---------------------------------------------------------------------------------
Start Renaming Generated Ports
---------------------------------------------------------------------------------
---------------------------------------------------------------------------------
Finished Renaming Generated Ports : Time (s): cpu = 00:00:22 ; elapsed = 00:00:26 . Memory (MB): peak = 624.445 ; gain = 414.254
---------------------------------------------------------------------------------
---------------------------------------------------------------------------------
Start Handling Custom Attributes
---------------------------------------------------------------------------------
---------------------------------------------------------------------------------
Finished Handling Custom Attributes : Time (s): cpu = 00:00:22 ; elapsed = 00:00:26 . Memory (MB): peak = 624.445 ; gain = 414.254
---------------------------------------------------------------------------------
---------------------------------------------------------------------------------
Start Renaming Generated Nets
---------------------------------------------------------------------------------
---------------------------------------------------------------------------------
Finished Renaming Generated Nets : Time (s): cpu = 00:00:22 ; elapsed = 00:00:26 . Memory (MB): peak = 624.445 ; gain = 414.254
---------------------------------------------------------------------------------
---------------------------------------------------------------------------------
Start Writing Synthesis Report
---------------------------------------------------------------------------------

Report BlackBoxes: 
+-+--------------+----------+
| |BlackBox name |Instances |
+-+--------------+----------+
+-+--------------+----------+

Report Cell Usage: 
+------+-----+------+
|      |Cell |Count |
+------+-----+------+
|1     |LUT2 |     1|
|2     |LUT3 |     1|
|3     |LUT4 |     1|
|4     |LUT6 |     9|
|5     |IBUF |     8|
|6     |OBUF |    16|
+------+-----+------+

Report Instance Areas: 
+------+---------+-------+------+
|      |Instance |Module |Cells |
+------+---------+-------+------+
|1     |top      |       |    36|
+------+---------+-------+------+
---------------------------------------------------------------------------------
Finished Writing Synthesis Report : Time (s): cpu = 00:00:22 ; elapsed = 00:00:26 . Memory (MB): peak = 624.445 ; gain = 414.254
---------------------------------------------------------------------------------
Synthesis finished with 0 errors, 0 critical warnings and 8 warnings.
Synthesis Optimization Runtime : Time (s): cpu = 00:00:12 ; elapsed = 00:00:16 . Memory (MB): peak = 624.445 ; gain = 106.082
Synthesis Optimization Complete : Time (s): cpu = 00:00:22 ; elapsed = 00:00:26 . Memory (MB): peak = 624.445 ; gain = 414.254
INFO: [Project 1-571] Translating synthesized netlist
INFO: [Netlist 29-17] Analyzing 8 Unisim elements for replacement
INFO: [Netlist 29-28] Unisim Transformation completed in 0 CPU seconds
INFO: [Project 1-570] Preparing netlist for logic optimization
INFO: [Opt 31-138] Pushed 0 inverter(s) to 0 load pin(s).
INFO: [Project 1-111] Unisim Transformation Summary:
No Unisim elements were transformed.

INFO: [Common 17-83] Releasing license: Synthesis
31 Infos, 16 Warnings, 0 Critical Warnings and 0 Errors encountered.
synth_design completed successfully
synth_design: Time (s): cpu = 00:00:22 ; elapsed = 00:00:23 . Memory (MB): peak = 624.445 ; gain = 414.254
INFO: [Common 17-1381] The checkpoint 'C:/Cmps375/DispAdder4/DispAdder4.runs/synth_1/DispAdder4.dcp' has been generated.
report_utilization: Time (s): cpu = 00:00:00 ; elapsed = 00:00:00.032 . Memory (MB): peak = 624.445 ; gain = 0.000
INFO: [Common 17-206] Exiting Vivado at Thu Jun 15 19:00:32 2017...
